<?xml version="1.0" encoding="UTF-8"?>
<!-- Generated by org.testng.reporters.JUnitXMLReporter -->
<testsuite ignored="0" hostname="BINTERNS-QA33L" failures="0" tests="22" name="Test" time="88.334" errors="0" timestamp="2023-05-04T10:00:03 IST">
  <testcase classname="Test.CreateanAccountTest" name="navigate_to_homepage_click_on_createanaccount" time="1.756"/>
  <testcase classname="Test.CreateanAccountTest" name="visibility_luma_logo" time="0.081"/>
  <testcase classname="Test.CreateanAccountTest" name="visibility_Create_new_customer_account_header" time="0.063"/>
  <testcase classname="Test.CreateanAccountTest" name="visibility_personal_information_header" time="0.042"/>
  <testcase classname="Test.CreateanAccountTest" name="visibility_sign_in_information_header" time="0.036"/>
  <testcase classname="Test.CreateanAccountTest" name="verify_label_firstname_on_Page" time="0.015"/>
  <testcase classname="Test.CreateanAccountTest" name="verify_label_lastname_on_Page" time="0.02"/>
  <testcase classname="Test.CreateanAccountTest" name="verify_label_SignUpForNewsletter_on_Page" time="0.018"/>
  <testcase classname="Test.CreateanAccountTest" name="verify_label_email_on_Page" time="0.013"/>
  <testcase classname="Test.CreateanAccountTest" name="verify_label_password_on_Page" time="0.014"/>
  <testcase classname="Test.CreateanAccountTest" name="verify_label_confirmpassword_on_Page" time="0.014"/>
  <testcase classname="Test.CreateanAccountTest" name="create_an_account_with_valid_credentials" time="5.287"/>
  <testcase classname="Test.CreateanAccountTest" name="forgotpassword_redirection" time="2.797"/>
  <testcase classname="Test.CreateanAccountTest" name="subscribe_button_functionality" time="5.061"/>
  <testcase classname="Test.CreateanAccountTest" name="create_an_account_with_empty_firstname" time="9.017"/>
  <testcase classname="Test.CreateanAccountTest" name="create_an_account_with_empty_lastname" time="9.01"/>
  <testcase classname="Test.CreateanAccountTest" name="create_an_account_with_unchecked_Signupfornewsletter_checkbox" time="10.131"/>
  <testcase classname="Test.CreateanAccountTest" name="create_an_account_with_empty_email" time="9.038"/>
  <testcase classname="Test.CreateanAccountTest" name="create_an_account_with_empty_password" time="8.987"/>
  <testcase classname="Test.CreateanAccountTest" name="create_an_account_with_empty_confirmpassword" time="8.728"/>
  <testcase classname="Test.CreateanAccountTest" name="create_an_account_with_invalid_email" time="9.163"/>
  <testcase classname="Test.CreateanAccountTest" name="create_an_account_with_invalid_password" time="8.993"/>
</testsuite> <!-- Test -->
