<?xml version="1.0" encoding="UTF-8"?>
<!-- Generated by org.testng.reporters.JUnitXMLReporter -->
<testsuite ignored="0" hostname="BINTERNS-QA33L" failures="0" tests="15" name="Default test" time="58.292" errors="0" timestamp="2023-05-05T10:16:50 IST">
  <testcase classname="Test.CustomerLoginTest" name="navigate_to_homepage_click_on_signin" time="1.559"/>
  <testcase classname="Test.CustomerLoginTest" name="visibility_customer_login_header" time="0.025"/>
  <testcase classname="Test.CustomerLoginTest" name="visibility_registered_customers_header" time="0.019"/>
  <testcase classname="Test.CustomerLoginTest" name="verify_label_email_on_page" time="0.024"/>
  <testcase classname="Test.CustomerLoginTest" name="verify_label_password_on_page" time="0.044"/>
  <testcase classname="Test.CustomerLoginTest" name="visibility_try_demo_customer_access_dialog" time="0.052"/>
  <testcase classname="Test.CustomerLoginTest" name="createanaccountbutton_redirection" time="2.079"/>
  <testcase classname="Test.CustomerLoginTest" name="forgotyourpasswordbutton_redirection" time="5.708"/>
  <testcase classname="Test.CustomerLoginTest" name="sign_in_with_invalid_credentials" time="5.699"/>
  <testcase classname="Test.CustomerLoginTest" name="sign_in_with_invalid_email" time="6.0"/>
  <testcase classname="Test.CustomerLoginTest" name="sign_in_with_invalid_password" time="9.136"/>
  <testcase classname="Test.CustomerLoginTest" name="sign_in_with_blank_email" time="6.152"/>
  <testcase classname="Test.CustomerLoginTest" name="sign_in_with_Blank_password" time="6.086"/>
  <testcase classname="Test.CustomerLoginTest" name="sign_in_with_Blank_credentials" time="2.31"/>
  <testcase classname="Test.CustomerLoginTest" name="sign_in_with_valid_credentials" time="13.351"/>
</testsuite> <!-- Default test -->
